<?xml version="1.0" encoding="UTF-8"?>
<!-- Generated by org.testng.reporters.JUnitReportReporter -->
<testsuite hostname="Fatihs-MacBook-Pro.local" failures="0" tests="1" name="tests.CreateNewWallet" time="9.272" errors="0" timestamp="2024-04-13T23:02:21 EET" skipped="0">
  <testcase classname="tests.CreateNewWallet" name="newWallet" time="9.272">
    <system-out>
      <![CDATA[Click the ETH Token
Click Buy Icon
Assert the message]]>
    </system-out>
  </testcase> <!-- newWallet -->
  <system-out>
    <![CDATA[Close alert pop up 
Click the Get Started Button
Click the ETH Token
Click Buy Icon
Assert the message]]>
  </system-out>
</testsuite> <!-- tests.CreateNewWallet -->
