<?xml version="1.0" encoding="UTF-8"?>
<!-- Generated by org.testng.reporters.JUnitReportReporter -->
<testsuite hostname="Fatihs-MacBook-Pro.local" failures="0" tests="1" name="tests.OnBoardingTest" time="3.920" errors="0" timestamp="2024-04-13T23:02:21 EET" skipped="0">
  <testcase classname="tests.OnBoardingTest" name="onBoardingTest" time="3.920">
    <system-out>
      <![CDATA[Close alert pop up 
Click the Get Started Button]]>
    </system-out>
  </testcase> <!-- onBoardingTest -->
  <system-out>
    <![CDATA[Close alert pop up 
Click the Get Started Button
Click the ETH Token
Click Buy Icon
Assert the message]]>
  </system-out>
</testsuite> <!-- tests.OnBoardingTest -->
